Analysis & Synthesis report for music_cal
Wed Jun 28 03:30:05 2017
Quartus II 64-Bit Version 13.0.0 Build 156 04/24/2013 SJ Full Version


---------------------
; Table of Contents ;
---------------------
  1. Legal Notice
  2. Analysis & Synthesis Summary
  3. Analysis & Synthesis Settings
  4. Parallel Compilation
  5. Analysis & Synthesis Source Files Read
  6. Analysis & Synthesis Resource Usage Summary
  7. Analysis & Synthesis Resource Utilization by Entity
  8. State Machine - |music_cal|display:inst4|state
  9. State Machine - |music_cal|keyboard:inst7|state
 10. State Machine - |music_cal|key_out:inst6|state
 11. State Machine - |music_cal|Core_unit:inst1|state
 12. Registers Removed During Synthesis
 13. General Register Statistics
 14. Multiplexer Restructuring Statistics (Restructuring Performed)
 15. Parameter Settings for User Entity Instance: Core_unit:inst1
 16. Parameter Settings for User Entity Instance: key_out:inst6
 17. Parameter Settings for User Entity Instance: anti_shake:inst3
 18. Parameter Settings for User Entity Instance: keyboard:inst7
 19. Parameter Settings for User Entity Instance: display:inst4
 20. Elapsed Time Per Partition
 21. Analysis & Synthesis Messages



----------------
; Legal Notice ;
----------------
Copyright (C) 1991-2013 Altera Corporation
Your use of Altera Corporation's design tools, logic functions 
and other software and tools, and its AMPP partner logic 
functions, and any output files from any of the foregoing 
(including device programming or simulation files), and any 
associated documentation or information are expressly subject 
to the terms and conditions of the Altera Program License 
Subscription Agreement, Altera MegaCore Function License 
Agreement, or other applicable license agreement, including, 
without limitation, that your use is for the sole purpose of 
programming logic devices manufactured by Altera and sold by 
Altera or its authorized distributors.  Please refer to the 
applicable agreement for further details.



+----------------------------------------------------------------------------------+
; Analysis & Synthesis Summary                                                     ;
+------------------------------------+---------------------------------------------+
; Analysis & Synthesis Status        ; Successful - Wed Jun 28 03:30:05 2017       ;
; Quartus II 64-Bit Version          ; 13.0.0 Build 156 04/24/2013 SJ Full Version ;
; Revision Name                      ; music_cal                                   ;
; Top-level Entity Name              ; music_cal                                   ;
; Family                             ; Cyclone II                                  ;
; Total logic elements               ; 688                                         ;
;     Total combinational functions  ; 670                                         ;
;     Dedicated logic registers      ; 232                                         ;
; Total registers                    ; 232                                         ;
; Total pins                         ; 26                                          ;
; Total virtual pins                 ; 0                                           ;
; Total memory bits                  ; 0                                           ;
; Embedded Multiplier 9-bit elements ; 0                                           ;
; Total PLLs                         ; 0                                           ;
+------------------------------------+---------------------------------------------+


+----------------------------------------------------------------------------------------------------------------------+
; Analysis & Synthesis Settings                                                                                        ;
+----------------------------------------------------------------------------+--------------------+--------------------+
; Option                                                                     ; Setting            ; Default Value      ;
+----------------------------------------------------------------------------+--------------------+--------------------+
; Device                                                                     ; EP2C5Q208C8        ;                    ;
; Top-level entity name                                                      ; music_cal          ; music_cal          ;
; Family name                                                                ; Cyclone II         ; Cyclone IV GX      ;
; Use smart compilation                                                      ; Off                ; Off                ;
; Enable parallel Assembler and TimeQuest Timing Analyzer during compilation ; On                 ; On                 ;
; Enable compact report table                                                ; Off                ; Off                ;
; Restructure Multiplexers                                                   ; Auto               ; Auto               ;
; Create Debugging Nodes for IP Cores                                        ; Off                ; Off                ;
; Preserve fewer node names                                                  ; On                 ; On                 ;
; Disable OpenCore Plus hardware evaluation                                  ; Off                ; Off                ;
; Verilog Version                                                            ; Verilog_2001       ; Verilog_2001       ;
; VHDL Version                                                               ; VHDL_1993          ; VHDL_1993          ;
; State Machine Processing                                                   ; Auto               ; Auto               ;
; Safe State Machine                                                         ; Off                ; Off                ;
; Extract Verilog State Machines                                             ; On                 ; On                 ;
; Extract VHDL State Machines                                                ; On                 ; On                 ;
; Ignore Verilog initial constructs                                          ; Off                ; Off                ;
; Iteration limit for constant Verilog loops                                 ; 5000               ; 5000               ;
; Iteration limit for non-constant Verilog loops                             ; 250                ; 250                ;
; Add Pass-Through Logic to Inferred RAMs                                    ; On                 ; On                 ;
; Infer RAMs from Raw Logic                                                  ; On                 ; On                 ;
; Parallel Synthesis                                                         ; On                 ; On                 ;
; DSP Block Balancing                                                        ; Auto               ; Auto               ;
; NOT Gate Push-Back                                                         ; On                 ; On                 ;
; Power-Up Don't Care                                                        ; On                 ; On                 ;
; Remove Redundant Logic Cells                                               ; Off                ; Off                ;
; Remove Duplicate Registers                                                 ; On                 ; On                 ;
; Ignore CARRY Buffers                                                       ; Off                ; Off                ;
; Ignore CASCADE Buffers                                                     ; Off                ; Off                ;
; Ignore GLOBAL Buffers                                                      ; Off                ; Off                ;
; Ignore ROW GLOBAL Buffers                                                  ; Off                ; Off                ;
; Ignore LCELL Buffers                                                       ; Off                ; Off                ;
; Ignore SOFT Buffers                                                        ; On                 ; On                 ;
; Limit AHDL Integers to 32 Bits                                             ; Off                ; Off                ;
; Optimization Technique                                                     ; Balanced           ; Balanced           ;
; Carry Chain Length                                                         ; 70                 ; 70                 ;
; Auto Carry Chains                                                          ; On                 ; On                 ;
; Auto Open-Drain Pins                                                       ; On                 ; On                 ;
; Perform WYSIWYG Primitive Resynthesis                                      ; Off                ; Off                ;
; Auto ROM Replacement                                                       ; On                 ; On                 ;
; Auto RAM Replacement                                                       ; On                 ; On                 ;
; Auto Shift Register Replacement                                            ; Auto               ; Auto               ;
; Allow Shift Register Merging across Hierarchies                            ; Auto               ; Auto               ;
; Auto Clock Enable Replacement                                              ; On                 ; On                 ;
; Strict RAM Replacement                                                     ; Off                ; Off                ;
; Allow Synchronous Control Signals                                          ; On                 ; On                 ;
; Force Use of Synchronous Clear Signals                                     ; Off                ; Off                ;
; Auto RAM to Logic Cell Conversion                                          ; Off                ; Off                ;
; Auto Resource Sharing                                                      ; Off                ; Off                ;
; Allow Any RAM Size For Recognition                                         ; Off                ; Off                ;
; Allow Any ROM Size For Recognition                                         ; Off                ; Off                ;
; Allow Any Shift Register Size For Recognition                              ; Off                ; Off                ;
; Use LogicLock Constraints during Resource Balancing                        ; On                 ; On                 ;
; Ignore translate_off and synthesis_off directives                          ; Off                ; Off                ;
; Timing-Driven Synthesis                                                    ; Off                ; Off                ;
; Report Parameter Settings                                                  ; On                 ; On                 ;
; Report Source Assignments                                                  ; On                 ; On                 ;
; Report Connectivity Checks                                                 ; On                 ; On                 ;
; Ignore Maximum Fan-Out Assignments                                         ; Off                ; Off                ;
; Synchronization Register Chain Length                                      ; 2                  ; 2                  ;
; PowerPlay Power Optimization                                               ; Normal compilation ; Normal compilation ;
; HDL message level                                                          ; Level2             ; Level2             ;
; Suppress Register Optimization Related Messages                            ; Off                ; Off                ;
; Number of Removed Registers Reported in Synthesis Report                   ; 5000               ; 5000               ;
; Number of Swept Nodes Reported in Synthesis Report                         ; 5000               ; 5000               ;
; Number of Inverted Registers Reported in Synthesis Report                  ; 100                ; 100                ;
; Clock MUX Protection                                                       ; On                 ; On                 ;
; Auto Gated Clock Conversion                                                ; Off                ; Off                ;
; Block Design Naming                                                        ; Auto               ; Auto               ;
; SDC constraint protection                                                  ; Off                ; Off                ;
; Synthesis Effort                                                           ; Auto               ; Auto               ;
; Shift Register Replacement - Allow Asynchronous Clear Signal               ; On                 ; On                 ;
; Pre-Mapping Resynthesis Optimization                                       ; Off                ; Off                ;
; Analysis & Synthesis Message Level                                         ; Medium             ; Medium             ;
; Disable Register Merging Across Hierarchies                                ; Auto               ; Auto               ;
; Resource Aware Inference For Block RAM                                     ; On                 ; On                 ;
; Synthesis Seed                                                             ; 1                  ; 1                  ;
+----------------------------------------------------------------------------+--------------------+--------------------+


+------------------------------------------+
; Parallel Compilation                     ;
+----------------------------+-------------+
; Processors                 ; Number      ;
+----------------------------+-------------+
; Number detected on machine ; 4           ;
; Maximum allowed            ; 2           ;
;                            ;             ;
; Average used               ; 1.00        ;
; Maximum used               ; 1           ;
;                            ;             ;
; Usage by Processor         ; % Time Used ;
;     Processor 1            ; 100.0%      ;
;     Processors 2-4         ;   0.0%      ;
+----------------------------+-------------+


+-----------------------------------------------------------------------------------------------------------------------------------------------+
; Analysis & Synthesis Source Files Read                                                                                                        ;
+----------------------------------+-----------------+------------------------------------+-------------------------------------------+---------+
; File Name with User-Entered Path ; Used in Netlist ; File Type                          ; File Name with Absolute Path              ; Library ;
+----------------------------------+-----------------+------------------------------------+-------------------------------------------+---------+
; divider.v                        ; yes             ; User Verilog HDL File              ; C:/altera/13.0/EX_music_cal/divider.v     ;         ;
; display.v                        ; yes             ; User Verilog HDL File              ; C:/altera/13.0/EX_music_cal/display.v     ;         ;
; keyboard.v                       ; yes             ; User Verilog HDL File              ; C:/altera/13.0/EX_music_cal/keyboard.v    ;         ;
; key_out.v                        ; yes             ; User Verilog HDL File              ; C:/altera/13.0/EX_music_cal/key_out.v     ;         ;
; anti_shake.v                     ; yes             ; User Verilog HDL File              ; C:/altera/13.0/EX_music_cal/anti_shake.v  ;         ;
; alu.v                            ; yes             ; User Verilog HDL File              ; C:/altera/13.0/EX_music_cal/alu.v         ;         ;
; Core_unit.v                      ; yes             ; User Verilog HDL File              ; C:/altera/13.0/EX_music_cal/Core_unit.v   ;         ;
; BCD.v                            ; yes             ; User Verilog HDL File              ; C:/altera/13.0/EX_music_cal/BCD.v         ;         ;
; music_cal.bdf                    ; yes             ; User Block Diagram/Schematic File  ; C:/altera/13.0/EX_music_cal/music_cal.bdf ;         ;
+----------------------------------+-----------------+------------------------------------+-------------------------------------------+---------+


+----------------------------------------------------------------------+
; Analysis & Synthesis Resource Usage Summary                          ;
+---------------------------------------------+------------------------+
; Resource                                    ; Usage                  ;
+---------------------------------------------+------------------------+
; Estimated Total logic elements              ; 688                    ;
;                                             ;                        ;
; Total combinational functions               ; 670                    ;
; Logic element usage by number of LUT inputs ;                        ;
;     -- 4 input functions                    ; 310                    ;
;     -- 3 input functions                    ; 143                    ;
;     -- <=2 input functions                  ; 217                    ;
;                                             ;                        ;
; Logic elements by mode                      ;                        ;
;     -- normal mode                          ; 484                    ;
;     -- arithmetic mode                      ; 186                    ;
;                                             ;                        ;
; Total registers                             ; 232                    ;
;     -- Dedicated logic registers            ; 232                    ;
;     -- I/O registers                        ; 0                      ;
;                                             ;                        ;
; I/O pins                                    ; 26                     ;
; Embedded Multiplier 9-bit elements          ; 0                      ;
; Maximum fan-out node                        ; divider:inst5|OUT_clk1 ;
; Maximum fan-out                             ; 200                    ;
; Total fan-out                               ; 2773                   ;
; Average fan-out                             ; 2.99                   ;
+---------------------------------------------+------------------------+


+-------------------------------------------------------------------------------------------------------------------------------------------------------------------------------------+
; Analysis & Synthesis Resource Utilization by Entity                                                                                                                                 ;
+----------------------------+-------------------+--------------+-------------+--------------+---------+-----------+------+--------------+-----------------------------+--------------+
; Compilation Hierarchy Node ; LC Combinationals ; LC Registers ; Memory Bits ; DSP Elements ; DSP 9x9 ; DSP 18x18 ; Pins ; Virtual Pins ; Full Hierarchy Name         ; Library Name ;
+----------------------------+-------------------+--------------+-------------+--------------+---------+-----------+------+--------------+-----------------------------+--------------+
; |music_cal                 ; 670 (1)           ; 232 (0)      ; 0           ; 0            ; 0       ; 0         ; 26   ; 0            ; |music_cal                  ;              ;
;    |BCD:inst|              ; 152 (152)         ; 66 (66)      ; 0           ; 0            ; 0       ; 0         ; 0    ; 0            ; |music_cal|BCD:inst         ;              ;
;    |Core_unit:inst1|       ; 155 (155)         ; 69 (69)      ; 0           ; 0            ; 0       ; 0         ; 0    ; 0            ; |music_cal|Core_unit:inst1  ;              ;
;    |alu:inst2|             ; 99 (99)           ; 0 (0)        ; 0           ; 0            ; 0       ; 0         ; 0    ; 0            ; |music_cal|alu:inst2        ;              ;
;    |anti_shake:inst3|      ; 3 (3)             ; 6 (6)        ; 0           ; 0            ; 0       ; 0         ; 0    ; 0            ; |music_cal|anti_shake:inst3 ;              ;
;    |display:inst4|         ; 68 (68)           ; 4 (4)        ; 0           ; 0            ; 0       ; 0         ; 0    ; 0            ; |music_cal|display:inst4    ;              ;
;    |divider:inst5|         ; 73 (73)           ; 33 (33)      ; 0           ; 0            ; 0       ; 0         ; 0    ; 0            ; |music_cal|divider:inst5    ;              ;
;    |key_out:inst6|         ; 90 (90)           ; 43 (43)      ; 0           ; 0            ; 0       ; 0         ; 0    ; 0            ; |music_cal|key_out:inst6    ;              ;
;    |keyboard:inst7|        ; 29 (29)           ; 11 (11)      ; 0           ; 0            ; 0       ; 0         ; 0    ; 0            ; |music_cal|keyboard:inst7   ;              ;
+----------------------------+-------------------+--------------+-------------+--------------+---------+-----------+------+--------------+-----------------------------+--------------+
Note: For table entries with two numbers listed, the numbers in parentheses indicate the number of resources of the given type used by the specific entity alone. The numbers listed outside of parentheses indicate the total resources of the given type used by the specific entity and all of its sub-entities in the hierarchy.


Encoding Type:  One-Hot
+------------------------------------------------------+
; State Machine - |music_cal|display:inst4|state       ;
+----------+----------+----------+----------+----------+
; Name     ; state.S3 ; state.S2 ; state.S1 ; state.00 ;
+----------+----------+----------+----------+----------+
; state.00 ; 0        ; 0        ; 0        ; 0        ;
; state.S1 ; 0        ; 0        ; 1        ; 1        ;
; state.S2 ; 0        ; 1        ; 0        ; 1        ;
; state.S3 ; 1        ; 0        ; 0        ; 1        ;
+----------+----------+----------+----------+----------+


Encoding Type:  One-Hot
+------------------------------------------------------+
; State Machine - |music_cal|keyboard:inst7|state      ;
+----------+----------+----------+----------+----------+
; Name     ; state.S3 ; state.S2 ; state.S1 ; state.00 ;
+----------+----------+----------+----------+----------+
; state.00 ; 0        ; 0        ; 0        ; 0        ;
; state.S1 ; 0        ; 0        ; 1        ; 1        ;
; state.S2 ; 0        ; 1        ; 0        ; 1        ;
; state.S3 ; 1        ; 0        ; 0        ; 1        ;
+----------+----------+----------+----------+----------+


Encoding Type:  One-Hot
+------------------------------------------------------+
; State Machine - |music_cal|key_out:inst6|state       ;
+----------+----------+----------+----------+----------+
; Name     ; state.s3 ; state.s2 ; state.s1 ; state.00 ;
+----------+----------+----------+----------+----------+
; state.00 ; 0        ; 0        ; 0        ; 0        ;
; state.s1 ; 0        ; 0        ; 1        ; 1        ;
; state.s2 ; 0        ; 1        ; 0        ; 1        ;
; state.s3 ; 1        ; 0        ; 0        ; 1        ;
+----------+----------+----------+----------+----------+


Encoding Type:  One-Hot
+------------------------------------------------------+
; State Machine - |music_cal|Core_unit:inst1|state     ;
+----------+----------+----------+----------+----------+
; Name     ; state.s3 ; state.s2 ; state.s1 ; state.00 ;
+----------+----------+----------+----------+----------+
; state.00 ; 0        ; 0        ; 0        ; 0        ;
; state.s1 ; 0        ; 0        ; 1        ; 1        ;
; state.s2 ; 0        ; 1        ; 0        ; 1        ;
; state.s3 ; 1        ; 0        ; 0        ; 1        ;
+----------+----------+----------+----------+----------+


+---------------------------------------------------------------------------------+
; Registers Removed During Synthesis                                              ;
+----------------------------------------+----------------------------------------+
; Register name                          ; Reason for Removal                     ;
+----------------------------------------+----------------------------------------+
; BCD:inst|rhexd[0,11,12]                ; Stuck at GND due to stuck port data_in ;
; BCD:inst|rhexc[0]                      ; Stuck at GND due to stuck port data_in ;
; BCD:inst|rhexb[0]                      ; Stuck at GND due to stuck port data_in ;
; BCD:inst|rhexd[2]                      ; Merged with BCD:inst|rhexd[14]         ;
; BCD:inst|rhexd[5]                      ; Merged with BCD:inst|rhexd[6]          ;
; BCD:inst|rhexd[1]                      ; Merged with BCD:inst|rhexd[4]          ;
; BCD:inst|rhexc[1]                      ; Merged with BCD:inst|rhexc[4]          ;
; BCD:inst|rhexb[1]                      ; Merged with BCD:inst|rhexb[4]          ;
; display:inst4|state~2                  ; Lost fanout                            ;
; display:inst4|state~3                  ; Lost fanout                            ;
; keyboard:inst7|state~2                 ; Lost fanout                            ;
; keyboard:inst7|state~3                 ; Lost fanout                            ;
; key_out:inst6|state~8                  ; Lost fanout                            ;
; key_out:inst6|state~9                  ; Lost fanout                            ;
; Core_unit:inst1|state~2                ; Lost fanout                            ;
; Core_unit:inst1|state~3                ; Lost fanout                            ;
; keyboard:inst7|state.S3                ; Merged with display:inst4|state.S3     ;
; keyboard:inst7|state.S2                ; Merged with display:inst4|state.S2     ;
; keyboard:inst7|state.S1                ; Merged with display:inst4|state.S1     ;
; keyboard:inst7|state.00                ; Merged with display:inst4|state.00     ;
; Total Number of Removed Registers = 22 ;                                        ;
+----------------------------------------+----------------------------------------+


+------------------------------------------------------+
; General Register Statistics                          ;
+----------------------------------------------+-------+
; Statistic                                    ; Value ;
+----------------------------------------------+-------+
; Total registers                              ; 232   ;
; Number of registers using Synchronous Clear  ; 30    ;
; Number of registers using Synchronous Load   ; 25    ;
; Number of registers using Asynchronous Clear ; 43    ;
; Number of registers using Asynchronous Load  ; 0     ;
; Number of registers using Clock Enable       ; 97    ;
; Number of registers using Preset             ; 0     ;
+----------------------------------------------+-------+


+--------------------------------------------------------------------------------------------------------------------------------------------------------+
; Multiplexer Restructuring Statistics (Restructuring Performed)                                                                                         ;
+--------------------+-----------+---------------+----------------------+------------------------+------------+------------------------------------------+
; Multiplexer Inputs ; Bus Width ; Baseline Area ; Area if Restructured ; Saving if Restructured ; Registered ; Example Multiplexer Output               ;
+--------------------+-----------+---------------+----------------------+------------------------+------------+------------------------------------------+
; 3:1                ; 2 bits    ; 4 LEs         ; 2 LEs                ; 2 LEs                  ; Yes        ; |music_cal|keyboard:inst7|flag[1]        ;
; 3:1                ; 4 bits    ; 8 LEs         ; 4 LEs                ; 4 LEs                  ; Yes        ; |music_cal|Core_unit:inst1|OUT_ALU_OP[0] ;
; 4:1                ; 2 bits    ; 4 LEs         ; 4 LEs                ; 0 LEs                  ; Yes        ; |music_cal|BCD:inst|resa[2]              ;
; 4:1                ; 2 bits    ; 4 LEs         ; 4 LEs                ; 0 LEs                  ; Yes        ; |music_cal|BCD:inst|resb[2]              ;
; 4:1                ; 2 bits    ; 4 LEs         ; 4 LEs                ; 0 LEs                  ; Yes        ; |music_cal|BCD:inst|resd[3]              ;
; 4:1                ; 2 bits    ; 4 LEs         ; 4 LEs                ; 0 LEs                  ; Yes        ; |music_cal|BCD:inst|resc[2]              ;
; 4:1                ; 2 bits    ; 4 LEs         ; 2 LEs                ; 2 LEs                  ; Yes        ; |music_cal|Core_unit:inst1|temp_carry_in ;
; 4:1                ; 16 bits   ; 32 LEs        ; 32 LEs               ; 0 LEs                  ; Yes        ; |music_cal|Core_unit:inst1|OUT_data_a[2] ;
; 7:1                ; 8 bits    ; 32 LEs        ; 16 LEs               ; 16 LEs                 ; Yes        ; |music_cal|Core_unit:inst1|OUT_value[8]  ;
; 9:1                ; 7 bits    ; 42 LEs        ; 14 LEs               ; 28 LEs                 ; Yes        ; |music_cal|Core_unit:inst1|OUT_value[3]  ;
; 7:1                ; 4 bits    ; 16 LEs        ; 4 LEs                ; 12 LEs                 ; Yes        ; |music_cal|key_out:inst6|OUT_ALU_OP[3]   ;
; 9:1                ; 16 bits   ; 96 LEs        ; 16 LEs               ; 80 LEs                 ; Yes        ; |music_cal|key_out:inst6|temp1[4]        ;
; 10:1               ; 16 bits   ; 96 LEs        ; 16 LEs               ; 80 LEs                 ; Yes        ; |music_cal|key_out:inst6|temp2[1]        ;
; 3:1                ; 2 bits    ; 4 LEs         ; 4 LEs                ; 0 LEs                  ; No         ; |music_cal|key_out:inst6|state           ;
; 4:1                ; 2 bits    ; 4 LEs         ; 4 LEs                ; 0 LEs                  ; No         ; |music_cal|BCD:inst|addbcd4              ;
; 4:1                ; 2 bits    ; 4 LEs         ; 4 LEs                ; 0 LEs                  ; No         ; |music_cal|BCD:inst|addbcd4              ;
; 16:1               ; 8 bits    ; 80 LEs        ; 40 LEs               ; 40 LEs                 ; No         ; |music_cal|alu:inst2|OUT_S[0]            ;
; 8:1                ; 7 bits    ; 35 LEs        ; 28 LEs               ; 7 LEs                  ; No         ; |music_cal|display:inst4|Selector6       ;
+--------------------+-----------+---------------+----------------------+------------------------+------------+------------------------------------------+


+--------------------------------------------------------------+
; Parameter Settings for User Entity Instance: Core_unit:inst1 ;
+----------------+-------+-------------------------------------+
; Parameter Name ; Value ; Type                                ;
+----------------+-------+-------------------------------------+
; s0             ; 0     ; Signed Integer                      ;
; s1             ; 1     ; Signed Integer                      ;
; s2             ; 2     ; Signed Integer                      ;
; s3             ; 3     ; Signed Integer                      ;
+----------------+-------+-------------------------------------+
Note: In order to hide this table in the UI and the text report file, please set the "Show Parameter Settings in Synthesis Report" option in "Analysis and Synthesis Settings -> More Settings" to "Off".


+------------------------------------------------------------+
; Parameter Settings for User Entity Instance: key_out:inst6 ;
+----------------+-------+-----------------------------------+
; Parameter Name ; Value ; Type                              ;
+----------------+-------+-----------------------------------+
; s0             ; 0     ; Signed Integer                    ;
; s1             ; 1     ; Signed Integer                    ;
; s2             ; 2     ; Signed Integer                    ;
; s3             ; 3     ; Signed Integer                    ;
+----------------+-------+-----------------------------------+
Note: In order to hide this table in the UI and the text report file, please set the "Show Parameter Settings in Synthesis Report" option in "Analysis and Synthesis Settings -> More Settings" to "Off".


+---------------------------------------------------------------+
; Parameter Settings for User Entity Instance: anti_shake:inst3 ;
+----------------+-------+--------------------------------------+
; Parameter Name ; Value ; Type                                 ;
+----------------+-------+--------------------------------------+
; s0             ; 0     ; Signed Integer                       ;
; s1             ; 1     ; Signed Integer                       ;
+----------------+-------+--------------------------------------+
Note: In order to hide this table in the UI and the text report file, please set the "Show Parameter Settings in Synthesis Report" option in "Analysis and Synthesis Settings -> More Settings" to "Off".


+-------------------------------------------------------------+
; Parameter Settings for User Entity Instance: keyboard:inst7 ;
+----------------+-------+------------------------------------+
; Parameter Name ; Value ; Type                               ;
+----------------+-------+------------------------------------+
; S0             ; 0     ; Signed Integer                     ;
; S1             ; 1     ; Signed Integer                     ;
; S2             ; 2     ; Signed Integer                     ;
; S3             ; 3     ; Signed Integer                     ;
+----------------+-------+------------------------------------+
Note: In order to hide this table in the UI and the text report file, please set the "Show Parameter Settings in Synthesis Report" option in "Analysis and Synthesis Settings -> More Settings" to "Off".


+------------------------------------------------------------+
; Parameter Settings for User Entity Instance: display:inst4 ;
+----------------+----------+--------------------------------+
; Parameter Name ; Value    ; Type                           ;
+----------------+----------+--------------------------------+
; S0             ; 0        ; Signed Integer                 ;
; S1             ; 1        ; Signed Integer                 ;
; S2             ; 2        ; Signed Integer                 ;
; S3             ; 3        ; Signed Integer                 ;
; DNULL          ; 11111111 ; Unsigned Binary                ;
; D0             ; 00000011 ; Unsigned Binary                ;
; D1             ; 10011111 ; Unsigned Binary                ;
; D2             ; 00100101 ; Unsigned Binary                ;
; D3             ; 00001101 ; Unsigned Binary                ;
; D4             ; 10011001 ; Unsigned Binary                ;
; D5             ; 01001001 ; Unsigned Binary                ;
; D6             ; 01000001 ; Unsigned Binary                ;
; D7             ; 00011111 ; Unsigned Binary                ;
; D8             ; 00000001 ; Unsigned Binary                ;
; D9             ; 00001001 ; Unsigned Binary                ;
; DA             ; 00010001 ; Unsigned Binary                ;
; DB             ; 11000001 ; Unsigned Binary                ;
; DC             ; 01100011 ; Unsigned Binary                ;
; DD             ; 10000101 ; Unsigned Binary                ;
; DE             ; 01100001 ; Unsigned Binary                ;
; DF             ; 01110001 ; Unsigned Binary                ;
+----------------+----------+--------------------------------+
Note: In order to hide this table in the UI and the text report file, please set the "Show Parameter Settings in Synthesis Report" option in "Analysis and Synthesis Settings -> More Settings" to "Off".


+-------------------------------+
; Elapsed Time Per Partition    ;
+----------------+--------------+
; Partition Name ; Elapsed Time ;
+----------------+--------------+
; Top            ; 00:00:01     ;
+----------------+--------------+


+-------------------------------+
; Analysis & Synthesis Messages ;
+-------------------------------+
Info: *******************************************************************
Info: Running Quartus II 64-Bit Analysis & Synthesis
    Info: Version 13.0.0 Build 156 04/24/2013 SJ Full Version
    Info: Processing started: Wed Jun 28 03:30:02 2017
Info: Command: quartus_map --read_settings_files=on --write_settings_files=off music_cal -c music_cal
Info (11104): Parallel Compilation has detected 4 hyper-threaded processors. However, the extra hyper-threaded processors will not be used by default. Parallel Compilation will use 2 of the 2 physical processors detected instead.
Info (12021): Found 1 design units, including 1 entities, in source file divider.v
    Info (12023): Found entity 1: divider
Info (12021): Found 1 design units, including 1 entities, in source file display.v
    Info (12023): Found entity 1: display
Info (12021): Found 1 design units, including 1 entities, in source file keyboard.v
    Info (12023): Found entity 1: keyboard
Info (12021): Found 1 design units, including 1 entities, in source file key_out.v
    Info (12023): Found entity 1: key_out
Info (12021): Found 1 design units, including 1 entities, in source file anti_shake.v
    Info (12023): Found entity 1: anti_shake
Info (12021): Found 1 design units, including 1 entities, in source file alu.v
    Info (12023): Found entity 1: alu
Info (12021): Found 1 design units, including 1 entities, in source file core_unit.v
    Info (12023): Found entity 1: Core_unit
Info (12021): Found 1 design units, including 1 entities, in source file bcd.v
    Info (12023): Found entity 1: BCD
Info (12021): Found 1 design units, including 1 entities, in source file music_cal.bdf
    Info (12023): Found entity 1: music_cal
Info (12127): Elaborating entity "music_cal" for the top level hierarchy
Warning (275011): Block or symbol "BCD" of instance "inst" overlaps another block or symbol
Warning (275011): Block or symbol "anti_shake" of instance "inst3" overlaps another block or symbol
Info (12128): Elaborating entity "Core_unit" for hierarchy "Core_unit:inst1"
Warning (10230): Verilog HDL assignment warning at Core_unit.v(152): truncated value with size 32 to match size of target (16)
Info (12128): Elaborating entity "divider" for hierarchy "divider:inst5"
Info (12128): Elaborating entity "alu" for hierarchy "alu:inst2"
Info (12128): Elaborating entity "key_out" for hierarchy "key_out:inst6"
Info (12128): Elaborating entity "anti_shake" for hierarchy "anti_shake:inst3"
Warning (10230): Verilog HDL assignment warning at anti_shake.v(19): truncated value with size 32 to match size of target (1)
Warning (10230): Verilog HDL assignment warning at anti_shake.v(21): truncated value with size 32 to match size of target (1)
Info (12128): Elaborating entity "keyboard" for hierarchy "keyboard:inst7"
Warning (10230): Verilog HDL assignment warning at keyboard.v(67): truncated value with size 32 to match size of target (2)
Info (10264): Verilog HDL Case Statement information at keyboard.v(58): all case item expressions in this case statement are onehot
Warning (10230): Verilog HDL assignment warning at keyboard.v(86): truncated value with size 32 to match size of target (2)
Info (10264): Verilog HDL Case Statement information at keyboard.v(77): all case item expressions in this case statement are onehot
Warning (10230): Verilog HDL assignment warning at keyboard.v(105): truncated value with size 32 to match size of target (2)
Info (10264): Verilog HDL Case Statement information at keyboard.v(96): all case item expressions in this case statement are onehot
Warning (10230): Verilog HDL assignment warning at keyboard.v(125): truncated value with size 32 to match size of target (2)
Info (10264): Verilog HDL Case Statement information at keyboard.v(116): all case item expressions in this case statement are onehot
Info (12128): Elaborating entity "display" for hierarchy "display:inst4"
Info (12128): Elaborating entity "BCD" for hierarchy "BCD:inst"
Warning (13024): Output pins are stuck at VCC or GND
    Warning (13410): Pin "SEG[0]" is stuck at VCC
Info (17049): 8 registers lost all their fanouts during netlist optimizations.
Info (16010): Generating hard_block partition "hard_block:auto_generated_inst"
    Info (16011): Adding 0 node(s), including 0 DDIO, 0 PLL, 0 transceiver and 0 LCELL
Info (21057): Implemented 718 device resources after synthesis - the final resource count might be different
    Info (21058): Implemented 6 input pins
    Info (21059): Implemented 20 output pins
    Info (21061): Implemented 692 logic cells
Info: Quartus II 64-Bit Analysis & Synthesis was successful. 0 errors, 11 warnings
    Info: Peak virtual memory: 462 megabytes
    Info: Processing ended: Wed Jun 28 03:30:05 2017
    Info: Elapsed time: 00:00:03
    Info: Total CPU time (on all processors): 00:00:03


